🐛 Aktuelle Bugs & Anpassungen:
- Nach einloggen "Log nachricht" "Terminal Link : Bobokopf", hier sollte der Charaktername ausgelesen werden, nicht immer Bobokopf.
- Spiel scrollt immer noch im Kampfmenü. Drücken der Pfeiltasten nach recht links und hoch runter lässt den bildschirm wandern.
- Wenn in der Stadt gespeichert /ausgeloggt wird soll man auch wieder in der Stadt sich einloggen
- Punkt auf der Weltkarte genauer (je nach Position im aktuellen Sektor auch so darstellen, nicht immer Mittig9
- Stadt optisch verschönern.
- Statuspunkte vergeben schmeißt einen aus dem Charaktermenü. Soll möglich sein alle Punkte zu vergeben und trzd im menü zu bleiben.
- Händler Menü verbessern + Perk-System. im Ödland, außer in Truhen bei Dungeons, ist nur rostiges droppbar. Normale Waffen können gekauft werden Und andere sachen gecraftet. 
Dazu bitte alles anpassen + Anleitung erweitern.
- Würfelspiel soll auch nur bei 10% der Legendären Mobs kommen. 

Ideen für die Zukunft (Roadmap)
Hier sind ein paar Vorschläge, was wir als nächstes angehen könnten, um das Pip-Boy Feeling zu verstärken:
1. Perk-System (Skills)
• Alle 3 oder 5 Level darf man einen "Perk" wählen (z.B. "Mysteriöser Fremder" = Chance auf Instant-Kill, "Hacker" = Computer Terminals hacken für Loot).
2. Radio-Stationen
• Ein kleiner Tab "RADIO", der (lizenzfreie) Retro-Musik oder einfach atmosphärische Ödland-Geräusche abspielt.
3. Item-Präfixe (Loot-Generierung)
• Waffen nicht nur als "Pistole", sondern dynamisch generiert: "Rostige Pistole" (-Dmg), "Gehärtete Pistole" (+Dmg), "Bestrahlte Pistole" (+Rad Dmg).
4. Camp-System (Housing)
• Man kann im Ödland ein kleines Lager aufschlagen (Zelt), wo man sich heilen kann, ohne zur Stadt zurückzumüssen. Upgradebar mit Schrott.
